<?xml version="1.0" encoding="UTF-8"?>
<!-- Generated by org.testng.reporters.JUnitReportReporter -->
<testsuite skipped="0" hostname="yaroshenko" name="ua.st.selenium.LoginTest" tests="2" failures="0" timestamp="27 мар 2018 11:50:03 GMT" time="34.553" errors="0">
  <testcase name="testoginNotOkInvalidEmail" time="19.535" classname="ua.st.selenium.LoginTest"/>
  <testcase name="testoginOk" time="15.018" classname="ua.st.selenium.LoginTest"/>
</testsuite> <!-- ua.st.selenium.LoginTest -->
