<?xml version="1.0" encoding="UTF-8"?>
<!-- Generated by org.testng.reporters.JUnitReportReporter -->
<testsuite skipped="0" hostname="yaroshenko" name="ua.st.selenium.RegionTest" tests="2" failures="0" timestamp="02 апр 2018 16:03:47 GMT" time="42.920" errors="0">
  <testcase name="changeRegionInFilterOnCatalogKNU" time="1.389" classname="ua.st.selenium.RegionTest"/>
  <testcase name="changeRegionInHeaderOnMain" time="41.531" classname="ua.st.selenium.RegionTest"/>
</testsuite> <!-- ua.st.selenium.RegionTest -->
