<?xml version="1.0" encoding="UTF-8"?>
<!-- Generated by org.testng.reporters.JUnitReportReporter -->
<testsuite skipped="0" hostname="yaroshenko" name="ua.st.selenium.RegionTest" tests="1" failures="0" timestamp="29 мар 2018 15:11:45 GMT" time="41.634" errors="0">
  <testcase name="changeRegionOnMain" time="41.634" classname="ua.st.selenium.RegionTest"/>
</testsuite> <!-- ua.st.selenium.RegionTest -->
