<?xml version="1.0" encoding="UTF-8"?>
<!-- Generated by org.testng.reporters.JUnitReportReporter -->
<testsuite skipped="0" hostname="yaroshenko" name="ua.st.selenium.LoginTest" tests="2" failures="0" timestamp="16 фев 2018 17:16:18 GMT" time="72.450" errors="0">
  <testcase name="testoginNotOkInvalidEmail" time="15.369" classname="ua.st.selenium.LoginTest"/>
  <testcase name="testoginOk" time="57.081" classname="ua.st.selenium.LoginTest"/>
</testsuite> <!-- ua.st.selenium.LoginTest -->
