<?xml version="1.0" encoding="UTF-8"?>
<!-- Generated by org.testng.reporters.JUnitReportReporter -->
<testsuite skipped="0" hostname="yaroshenko" name="ua.st.selenium.LoginTest" tests="1" failures="0" timestamp="28 мар 2018 09:12:10 GMT" time="19.738" errors="0">
  <testcase name="testLoginFirmOk" time="19.738" classname="ua.st.selenium.LoginTest"/>
</testsuite> <!-- ua.st.selenium.LoginTest -->
