<?xml version="1.0" encoding="UTF-8"?>
<!-- Generated by org.testng.reporters.JUnitReportReporter -->
<testsuite skipped="0" hostname="yaroshenko" name="ua.st.selenium.LoginTest" tests="1" failures="0" timestamp="07 дек 2017 17:44:50 GMT" time="8.824" errors="0">
  <testcase name="testoginOk" time="8.824" classname="ua.st.selenium.LoginTest"/>
</testsuite> <!-- ua.st.selenium.LoginTest -->
