<?xml version="1.0" encoding="UTF-8"?>
<!-- Generated by org.testng.reporters.JUnitReportReporter -->
<testsuite skipped="0" hostname="yaroshenko" name="ua.st.selenium.LoginTest" tests="2" failures="0" timestamp="27 фев 2018 16:31:38 GMT" time="86.472" errors="0">
  <testcase name="testoginOk" time="24.537" classname="ua.st.selenium.LoginTest"/>
  <testcase name="testoginNotOkInvalidEmail" time="61.935" classname="ua.st.selenium.LoginTest"/>
</testsuite> <!-- ua.st.selenium.LoginTest -->
